1774602237045	geckodriver	INFO	Listening on 127.0.0.1:50423
1774602240112	mozrunner::runner	INFO	Running command: "C:\\Users\\GEET SHRIMALI\\.cache\\selenium\\firefox\\win64\\149.0\\firefox.exe" "--marionette" "--remote-de ... "--remote-allow-hosts" "localhost" "-no-remote" "-profile" "C:\\Users\\GEETSH~1\\AppData\\Local\\Temp\\rust_mozprofileaLbHvG"
Dynamically enable window occlusion 0
1774602240369	Marionette	INFO	Marionette enabled
1774602240436	Marionette	INFO	Listening on port 50437
WebDriver BiDi listening on ws://127.0.0.1:50424
Read port: 50437
1774602240593	RemoteAgent	WARN	TLS certificate errors will be ignored for this session
console.error: "Experiment visual-card-updates has unknown featureId: newtabRefinedCardsLayout"
JavaScript error: , line 0: SyntaxError: JSON.parse: expected double-quoted property name at line 1 column 153 of the JSON data
JavaScript error: , line 0: SyntaxError: JSON.parse: expected double-quoted property name at line 1 column 153 of the JSON data
JavaScript error: , line 0: SyntaxError: JSON.parse: expected double-quoted property name at line 1 column 153 of the JSON data
JavaScript error: , line 0: SyntaxError: JSON.parse: expected double-quoted property name at line 1 column 153 of the JSON data
JavaScript warning: https://sdk.kleekr.com/mediation/native.js?t=492945, line 1: unreachable code after return statement
JavaScript error: , line 0: SyntaxError: JSON.parse: expected double-quoted property name at line 1 column 153 of the JSON data
1774602245704	Marionette	INFO	Stopped listening on port 50437
Dynamically enable window occlusion 1
JavaScript error: , line 0: TypeError: NetworkError when attempting to fetch resource.
console.error: Translations: "Failed to run language detection." (new AbortError("Actor 'Translations' destroyed before query 'Translations:GetDocumentElementLang' was resolved", (void 0)))
console.warn: TopSitesFeed: Failed to fetch data from MARS server: NetworkError when attempting to fetch resource.
